Using pre-set license
Built from '2021.1/staging' branch; Version is '2021.1.9f1 (7a790e367ab3) revision 8026382'; Using compiler version '192528614'; Build Type 'Release'
OS: 'Windows 10 Home; OS build 19043.1110; Version 2009; 64bit' Language: 'en' Physical Memory: 8067 MB
BatchMode: 1, IsHumanControllingUs: 0, StartBugReporterOnCrash: 0, Is64bit: 1, IsPro: 0

 COMMAND LINE ARGUMENTS:
C:\Program Files\Unity\Hub\Editor\2021.1.9f1\Editor\Unity.exe
-adb2
-batchMode
-noUpm
-name
AssetImportWorker0
-projectPath
C:/Users/Admin/Documents/GitHub/IATrackerWeb/IA_Tracker
-logFile
Logs/AssetImportWorker0.log
-srvPort
51715
Successfully changed project path to: C:/Users/Admin/Documents/GitHub/IATrackerWeb/IA_Tracker
C:/Users/Admin/Documents/GitHub/IATrackerWeb/IA_Tracker
Using Asset Import Pipeline V2.
Refreshing native plugins compatible for Editor in 1896.08 ms, found 7 plugins.
Preloading 0 native plugins for Editor in 0.00 ms.
Initialize engine version: 2021.1.9f1 (7a790e367ab3)
[Subsystems] Discovering subsystems at path C:/Program Files/Unity/Hub/Editor/2021.1.9f1/Editor/Data/Resources/UnitySubsystems
[Subsystems] Discovering subsystems at path C:/Users/Admin/Documents/GitHub/IATrackerWeb/IA_Tracker/Assets
GfxDevice: creating device client; threaded=0; jobified=0
Direct3D:
    Version:  Direct3D 11.0 [level 11.1]
    Renderer: Intel(R) HD Graphics 5500 (ID=0x1616)
    Vendor:   Intel
    VRAM:     4033 MB
    Driver:   20.19.15.5126
Initialize mono
Mono path[0] = 'C:/Program Files/Unity/Hub/Editor/2021.1.9f1/Editor/Data/Managed'
Mono path[1] = 'C:/Program Files/Unity/Hub/Editor/2021.1.9f1/Editor/Data/MonoBleedingEdge/lib/mono/unityjit'
Mono config path = 'C:/Program Files/Unity/Hub/Editor/2021.1.9f1/Editor/Data/MonoBleedingEdge/etc'
Using monoOptions --debugger-agent=transport=dt_socket,embedding=1,server=y,suspend=n,address=127.0.0.1:56644
Begin MonoManager ReloadAssembly
Registering precompiled unity dll's ...
Register platform support module: C:/Program Files/Unity/Hub/Editor/2021.1.9f1/Editor/Data/PlaybackEngines/WebGLSupport/UnityEditor.WebGL.Extensions.dll
Register platform support module: C:/Program Files/Unity/Hub/Editor/2021.1.9f1/Editor/Data/PlaybackEngines/WindowsStandaloneSupport/UnityEditor.WindowsStandalone.Extensions.dll
Registered in 0.009071 seconds.
Native extension for WindowsStandalone target not found
Native extension for WebGL target not found
Refreshing native plugins compatible for Editor in 328.84 ms, found 7 plugins.
Preloading 0 native plugins for Editor in 0.00 ms.
Mono: successfully reloaded assembly
- Completed reload, in  9.694 seconds
Domain Reload Profiling:
	ReloadAssembly (9695ms)
		BeginReloadAssembly (175ms)
			ExecutionOrderSort (0ms)
			DisableScriptedObjects (0ms)
			BackupInstance (0ms)
			ReleaseScriptingObjects (0ms)
			CreateAndSetChildDomain (4ms)
		EndReloadAssembly (1610ms)
			LoadAssemblies (167ms)
			RebuildTransferFunctionScriptingTraits (2ms)
			SetupTypeCache (603ms)
			ReleaseScriptCaches (0ms)
			RebuildScriptCaches (91ms)
			SetupLoadedEditorAssemblies (744ms)
				LogAssemblyErrors (0ms)
				InitializePlatformSupportModulesInManaged (25ms)
				SetLoadedEditorAssemblies (1ms)
				RefreshPlugins (329ms)
				BeforeProcessingInitializeOnLoad (5ms)
				ProcessInitializeOnLoadAttributes (294ms)
				ProcessInitializeOnLoadMethodAttributes (89ms)
				AfterProcessingInitializeOnLoad (0ms)
				EditorAssembliesLoaded (1ms)
			ExecutionOrderSort2 (0ms)
			AwakeInstancesAfterBackupRestoration (0ms)
Platform modules already initialized, skipping
Registering precompiled user dll's ...
Registered in 0.089468 seconds.
Begin MonoManager ReloadAssembly
Symbol file LoadedFromMemory doesn't match image C:\Users\Admin\Documents\GitHub\IATrackerWeb\IA_Tracker\Library\PackageCache\com.unity.visualscripting@1.6.1\Editor\VisualScripting.Core\Dependencies\YamlDotNet\Unity.VisualScripting.YamlDotNet.dll
Symbol file LoadedFromMemory doesn't match image C:\Users\Admin\Documents\GitHub\IATrackerWeb\IA_Tracker\Library\PackageCache\com.unity.visualscripting@1.6.1\Editor\VisualScripting.Core\Dependencies\DotNetZip\Unity.VisualScripting.IonicZip.dll
Native extension for WindowsStandalone target not found
Native extension for WebGL target not found
Refreshing native plugins compatible for Editor in 312.67 ms, found 7 plugins.
Preloading 0 native plugins for Editor in 0.00 ms.
Mono: successfully reloaded assembly
- Completed reload, in  4.149 seconds
Domain Reload Profiling:
	ReloadAssembly (4150ms)
		BeginReloadAssembly (398ms)
			ExecutionOrderSort (0ms)
			DisableScriptedObjects (14ms)
			BackupInstance (0ms)
			ReleaseScriptingObjects (0ms)
			CreateAndSetChildDomain (50ms)
		EndReloadAssembly (3594ms)
			LoadAssemblies (307ms)
			RebuildTransferFunctionScriptingTraits (0ms)
			SetupTypeCache (1224ms)
			ReleaseScriptCaches (1ms)
			RebuildScriptCaches (150ms)
			SetupLoadedEditorAssemblies (1364ms)
				LogAssemblyErrors (0ms)
				InitializePlatformSupportModulesInManaged (13ms)
				SetLoadedEditorAssemblies (1ms)
				RefreshPlugins (313ms)
				BeforeProcessingInitializeOnLoad (233ms)
				ProcessInitializeOnLoadAttributes (683ms)
				ProcessInitializeOnLoadMethodAttributes (100ms)
				AfterProcessingInitializeOnLoad (21ms)
				EditorAssembliesLoaded (0ms)
			ExecutionOrderSort2 (0ms)
			AwakeInstancesAfterBackupRestoration (22ms)
Platform modules already initialized, skipping
========================================================================
Worker process is ready to serve import requests
Launched and connected shader compiler UnityShaderCompiler.exe after 0.24 seconds
Refreshing native plugins compatible for Editor in 2.16 ms, found 7 plugins.
Preloading 0 native plugins for Editor in 0.00 ms.
Unloading 3719 Unused Serialized files (Serialized files now loaded: 0)
System memory in use before: 140.3 MB.
System memory in use after: 140.4 MB.

Unloading 58 unused Assets to reduce memory usage. Loaded Objects now: 4184.
Total: 17.373600 ms (FindLiveObjects: 0.578700 ms CreateObjectMapping: 0.404500 ms MarkObjects: 16.129200 ms  DeleteObjects: 0.258300 ms)

AssetImportParameters requested are different than current active one (requested -> active):
  custom:framework-win-MediaFoundation: 216162199b28c13a410421893ffa2e32 -> 
  custom:video-decoder-ogg-theora: a1e56fd34408186e4bbccfd4996cb3dc -> 
  custom:container-muxer-webm: aa71ff27fc2769a1b78a27578f13a17b -> 
  custom:container-demuxer-webm: 4f35f7cbe854078d1ac9338744f61a02 -> 
  custom:container-demuxer-ogg: 62fdf1f143b41e24485cea50d1cbac27 -> 
  custom:video-encoder-webm-vp8: eb34c28f22e8b96e1ab97ce403110664 -> 
  custom:video-decoder-webm-vp8: 9c59270c3fd7afecdb556c50c9e8de78 -> 
  custom:audio-decoder-ogg-vorbis: bf7c407c2cedff20999df2af8eb42d56 -> 
  custom:audio-encoder-webm-vorbis: bf7c407c2cedff20999df2af8eb42d56 -> 
========================================================================
Received Import Request.
  path: Assets/Scripts/SqliteHelper.cs
  artifactKey: Guid(41484027492a4c14395955772d528e59) Importer(815301076,1909f56bfc062723c751e8b465ee728b)
Start importing Assets/Scripts/SqliteHelper.cs using Guid(41484027492a4c14395955772d528e59) Importer(815301076,1909f56bfc062723c751e8b465ee728b)  -> (artifact id: '9f16bf307b3588aae62a50227db8a646') in 0.162869 seconds 
========================================================================
Received Import Request.
  Time since last request: 333.542762 seconds.
  path: Assets/Scripts/SqliteHelper.cs
  artifactKey: Guid(41484027492a4c14395955772d528e59) Importer(815301076,1909f56bfc062723c751e8b465ee728b)
Start importing Assets/Scripts/SqliteHelper.cs using Guid(41484027492a4c14395955772d528e59) Importer(815301076,1909f56bfc062723c751e8b465ee728b)  -> (artifact id: '141df32211fe618c85477e4c69972fad') in 0.081302 seconds 
========================================================================
Received Import Request.
  Time since last request: 5.044872 seconds.
  path: Assets/Scripts/SqliteHelper.cs
  artifactKey: Guid(41484027492a4c14395955772d528e59) Importer(815301076,1909f56bfc062723c751e8b465ee728b)
Start importing Assets/Scripts/SqliteHelper.cs using Guid(41484027492a4c14395955772d528e59) Importer(815301076,1909f56bfc062723c751e8b465ee728b)  -> (artifact id: '0ec01c6c6a1d19808968e5a7890c1c70') in 0.043253 seconds 
========================================================================
Received Import Request.
  Time since last request: 294.178445 seconds.
  path: Assets/Scripts/SqliteHelper.cs
  artifactKey: Guid(41484027492a4c14395955772d528e59) Importer(815301076,1909f56bfc062723c751e8b465ee728b)
Start importing Assets/Scripts/SqliteHelper.cs using Guid(41484027492a4c14395955772d528e59) Importer(815301076,1909f56bfc062723c751e8b465ee728b)  -> (artifact id: '53fc3f1db864bdc571de583aa8d34f9b') in 0.033210 seconds 
========================================================================
Received Import Request.
  Time since last request: 151.070145 seconds.
  path: Assets/Scripts/SqliteHelper.cs
  artifactKey: Guid(41484027492a4c14395955772d528e59) Importer(815301076,1909f56bfc062723c751e8b465ee728b)
Start importing Assets/Scripts/SqliteHelper.cs using Guid(41484027492a4c14395955772d528e59) Importer(815301076,1909f56bfc062723c751e8b465ee728b)  -> (artifact id: '66eebac337f5434921e8c28c14658f4a') in 0.051435 seconds 
========================================================================
Received Import Request.
  Time since last request: 35.154371 seconds.
  path: Assets/Scripts/SqliteHelper.cs
  artifactKey: Guid(41484027492a4c14395955772d528e59) Importer(815301076,1909f56bfc062723c751e8b465ee728b)
Start importing Assets/Scripts/SqliteHelper.cs using Guid(41484027492a4c14395955772d528e59) Importer(815301076,1909f56bfc062723c751e8b465ee728b)  -> (artifact id: '5533106350700a2b9cfb68c8af1c0375') in 0.037133 seconds 
========================================================================
Received Import Request.
  Time since last request: 215.326062 seconds.
  path: Assets/Scripts/SqliteHelper.cs
  artifactKey: Guid(41484027492a4c14395955772d528e59) Importer(815301076,1909f56bfc062723c751e8b465ee728b)
Start importing Assets/Scripts/SqliteHelper.cs using Guid(41484027492a4c14395955772d528e59) Importer(815301076,1909f56bfc062723c751e8b465ee728b)  -> (artifact id: '3210ce9c7c439dd115d2c73e4e899aa0') in 0.054834 seconds 
